<?xml version="1.0" encoding="UTF-8"?>
<testng-results skipped="0" failed="1" ignored="0" total="7" passed="6">
  <reporter-output>
  </reporter-output>
  <suite name="Default suite" duration-ms="14555" started-at="2021-10-07T18:32:23Z" finished-at="2021-10-07T18:32:38Z">
    <groups>
    </groups>
    <test name="Default test" duration-ms="14555" started-at="2021-10-07T18:32:23Z" finished-at="2021-10-07T18:32:38Z">
      <class name="com.demoblaze.tests.DemoBlaze">
        <test-method status="PASS" signature="browserSetUp()[pri:0, instance:com.demoblaze.tests.DemoBlaze@6f7fd0e6]" name="browserSetUp" is-config="true" duration-ms="3040" started-at="2021-10-07T14:32:23Z" finished-at="2021-10-07T14:32:26Z">
          <reporter-output>
          </reporter-output>
        </test-method> <!-- browserSetUp -->
        <test-method status="PASS" signature="setUp()[pri:0, instance:com.demoblaze.tests.DemoBlaze@6f7fd0e6]" name="setUp" is-config="true" duration-ms="40" started-at="2021-10-07T14:32:26Z" finished-at="2021-10-07T14:32:26Z">
          <reporter-output>
          </reporter-output>
        </test-method> <!-- setUp -->
        <test-method status="PASS" signature="logInPage()[pri:1, instance:com.demoblaze.tests.DemoBlaze@6f7fd0e6]" name="logInPage" duration-ms="692" started-at="2021-10-07T14:32:26Z" finished-at="2021-10-07T14:32:27Z">
          <reporter-output>
          </reporter-output>
        </test-method> <!-- logInPage -->
        <test-method status="FAIL" signature="validateUser()[pri:2, instance:com.demoblaze.tests.DemoBlaze@6f7fd0e6]" name="validateUser" duration-ms="5062" started-at="2021-10-07T14:32:27Z" finished-at="2021-10-07T14:32:32Z">
          <exception class="java.lang.AssertionError">
            <message>
              <![CDATA[expected [Welcome tom894] but found [Welcome tom8945]]]>
            </message>
            <full-stacktrace>
              <![CDATA[java.lang.AssertionError: expected [Welcome tom894] but found [Welcome tom8945]
	at org.testng.Assert.fail(Assert.java:93)
	at org.testng.Assert.failNotEquals(Assert.java:512)
	at org.testng.Assert.assertEqualsImpl(Assert.java:134)
	at org.testng.Assert.assertEquals(Assert.java:115)
	at org.testng.Assert.assertEquals(Assert.java:189)
	at org.testng.Assert.assertEquals(Assert.java:199)
	at com.demoblaze.tests.DemoBlaze.validateUser(DemoBlaze.java:61)
	at sun.reflect.NativeMethodAccessorImpl.invoke0(Native Method)
	at sun.reflect.NativeMethodAccessorImpl.invoke(NativeMethodAccessorImpl.java:62)
	at sun.reflect.DelegatingMethodAccessorImpl.invoke(DelegatingMethodAccessorImpl.java:43)
	at java.lang.reflect.Method.invoke(Method.java:498)
	at org.testng.internal.MethodInvocationHelper.invokeMethod(MethodInvocationHelper.java:108)
	at org.testng.internal.Invoker.invokeMethod(Invoker.java:661)
	at org.testng.internal.Invoker.invokeTestMethod(Invoker.java:869)
	at org.testng.internal.Invoker.invokeTestMethods(Invoker.java:1193)
	at org.testng.internal.TestMethodWorker.invokeTestMethods(TestMethodWorker.java:126)
	at org.testng.internal.TestMethodWorker.run(TestMethodWorker.java:109)
	at org.testng.TestRunner.privateRun(TestRunner.java:744)
	at org.testng.TestRunner.run(TestRunner.java:602)
	at org.testng.SuiteRunner.runTest(SuiteRunner.java:380)
	at org.testng.SuiteRunner.runSequentially(SuiteRunner.java:375)
	at org.testng.SuiteRunner.privateRun(SuiteRunner.java:340)
	at org.testng.SuiteRunner.run(SuiteRunner.java:289)
	at org.testng.SuiteRunnerWorker.runSuite(SuiteRunnerWorker.java:52)
	at org.testng.SuiteRunnerWorker.run(SuiteRunnerWorker.java:86)
	at org.testng.TestNG.runSuitesSequentially(TestNG.java:1301)
	at org.testng.TestNG.runSuitesLocally(TestNG.java:1226)
	at org.testng.TestNG.runSuites(TestNG.java:1144)
	at org.testng.TestNG.run(TestNG.java:1115)
	at org.testng.remote.AbstractRemoteTestNG.run(AbstractRemoteTestNG.java:126)
	at org.testng.remote.RemoteTestNG.initAndRun(RemoteTestNG.java:137)
	at org.testng.remote.RemoteTestNG.main(RemoteTestNG.java:58)
]]>
            </full-stacktrace>
          </exception> <!-- java.lang.AssertionError -->
          <reporter-output>
          </reporter-output>
        </test-method> <!-- validateUser -->
        <test-method status="PASS" signature="clickOnLaptops()[pri:3, instance:com.demoblaze.tests.DemoBlaze@6f7fd0e6]" name="clickOnLaptops" duration-ms="92" started-at="2021-10-07T14:32:32Z" finished-at="2021-10-07T14:32:32Z">
          <reporter-output>
          </reporter-output>
        </test-method> <!-- clickOnLaptops -->
        <test-method status="PASS" signature="selectAnyLaptop()[pri:4, instance:com.demoblaze.tests.DemoBlaze@6f7fd0e6]" name="selectAnyLaptop" duration-ms="644" started-at="2021-10-07T14:32:32Z" finished-at="2021-10-07T14:32:33Z">
          <reporter-output>
          </reporter-output>
        </test-method> <!-- selectAnyLaptop -->
        <test-method status="PASS" signature="validateAndAddLaptopToCart()[pri:5, instance:com.demoblaze.tests.DemoBlaze@6f7fd0e6]" name="validateAndAddLaptopToCart" duration-ms="763" started-at="2021-10-07T14:32:33Z" finished-at="2021-10-07T14:32:34Z">
          <reporter-output>
          </reporter-output>
        </test-method> <!-- validateAndAddLaptopToCart -->
        <test-method status="PASS" signature="placingOrder()[pri:6, instance:com.demoblaze.tests.DemoBlaze@6f7fd0e6]" name="placingOrder" duration-ms="143" started-at="2021-10-07T14:32:34Z" finished-at="2021-10-07T14:32:34Z">
          <reporter-output>
          </reporter-output>
        </test-method> <!-- placingOrder -->
        <test-method status="PASS" signature="placingOrder_customerDetails()[pri:7, instance:com.demoblaze.tests.DemoBlaze@6f7fd0e6]" name="placingOrder_customerDetails" duration-ms="4030" started-at="2021-10-07T14:32:34Z" finished-at="2021-10-07T14:32:38Z">
          <reporter-output>
          </reporter-output>
        </test-method> <!-- placingOrder_customerDetails -->
      </class> <!-- com.demoblaze.tests.DemoBlaze -->
    </test> <!-- Default test -->
  </suite> <!-- Default suite -->
</testng-results>
